<?xml version="1.0" encoding="utf-8"?><testsuites name="pytest tests"><testsuite name="pytest" errors="3" failures="8" skipped="0" tests="17" time="6.963" timestamp="2026-02-09T11:44:02.029829+00:00" hostname="agent-env-60fd796b-f11c-4b88-8fac-f52784a9b895"><testcase classname="backend.tests.test_escrow_reviews_iter5.TestCollaborationTypes" name="test_create_paid_collaboration_awaiting_escrow" time="0.368" /><testcase classname="backend.tests.test_escrow_reviews_iter5.TestCollaborationTypes" name="test_create_barter_collaboration_no_payment" time="0.313" /><testcase classname="backend.tests.test_escrow_reviews_iter5.TestCollaborationTypes" name="test_create_free_collaboration_no_payment" time="0.310" /><testcase classname="backend.tests.test_escrow_reviews_iter5.TestEscrowSystem" name="test_create_escrow" time="0.339"><error message="failed on setup with &quot;assert 403 == 200&#10; +  where 403 = &lt;Response [403]&gt;.status_code&quot;">backend/tests/test_escrow_reviews_iter5.py:200: in paid_collaboration
    assert response.status_code == 200
E   assert 403 == 200
E    +  where 403 = &lt;Response [403]&gt;.status_code</error></testcase><testcase classname="backend.tests.test_escrow_reviews_iter5.TestEscrowSystem" name="test_secure_escrow" time="0.308"><error message="failed on setup with &quot;assert 403 == 200&#10; +  where 403 = &lt;Response [403]&gt;.status_code&quot;">backend/tests/test_escrow_reviews_iter5.py:200: in paid_collaboration
    assert response.status_code == 200
E   assert 403 == 200
E    +  where 403 = &lt;Response [403]&gt;.status_code</error></testcase><testcase classname="backend.tests.test_escrow_reviews_iter5.TestEscrowSystem" name="test_get_escrow_for_collaboration" time="0.307"><error message="failed on setup with &quot;assert 403 == 200&#10; +  where 403 = &lt;Response [403]&gt;.status_code&quot;">backend/tests/test_escrow_reviews_iter5.py:200: in paid_collaboration
    assert response.status_code == 200
E   assert 403 == 200
E    +  where 403 = &lt;Response [403]&gt;.status_code</error></testcase><testcase classname="backend.tests.test_escrow_reviews_iter5.TestEscrowSystem" name="test_cannot_create_escrow_for_barter" time="0.306"><failure message="assert 403 == 200&#10; +  where 403 = &lt;Response [403]&gt;.status_code">backend/tests/test_escrow_reviews_iter5.py:326: in test_cannot_create_escrow_for_barter
    assert create_collab.status_code == 200
E   assert 403 == 200
E    +  where 403 = &lt;Response [403]&gt;.status_code</failure></testcase><testcase classname="backend.tests.test_escrow_reviews_iter5.TestCollaborationStatus" name="test_paid_collab_completion_pending_release" time="0.344"><failure message="assert 403 == 200&#10; +  where 403 = &lt;Response [403]&gt;.status_code">backend/tests/test_escrow_reviews_iter5.py:372: in test_paid_collab_completion_pending_release
    assert create_resp.status_code == 200
E   assert 403 == 200
E    +  where 403 = &lt;Response [403]&gt;.status_code</failure></testcase><testcase classname="backend.tests.test_escrow_reviews_iter5.TestCollaborationStatus" name="test_barter_collab_directly_completed" time="0.316"><failure message="assert 403 == 200&#10; +  where 403 = &lt;Response [403]&gt;.status_code">backend/tests/test_escrow_reviews_iter5.py:430: in test_barter_collab_directly_completed
    assert create_resp.status_code == 200
E   assert 403 == 200
E    +  where 403 = &lt;Response [403]&gt;.status_code</failure></testcase><testcase classname="backend.tests.test_escrow_reviews_iter5.TestEscrowRelease" name="test_release_escrow_creates_commission" time="0.603"><failure message="assert 403 == 200&#10; +  where 403 = &lt;Response [403]&gt;.status_code">backend/tests/test_escrow_reviews_iter5.py:484: in test_release_escrow_creates_commission
    assert create_resp.status_code == 200
E   assert 403 == 200
E    +  where 403 = &lt;Response [403]&gt;.status_code</failure></testcase><testcase classname="backend.tests.test_escrow_reviews_iter5.TestEscrowRelease" name="test_refund_escrow" time="0.302"><failure message="assert 403 == 200&#10; +  where 403 = &lt;Response [403]&gt;.status_code">backend/tests/test_escrow_reviews_iter5.py:546: in test_refund_escrow
    assert create_resp.status_code == 200
E   assert 403 == 200
E    +  where 403 = &lt;Response [403]&gt;.status_code</failure></testcase><testcase classname="backend.tests.test_escrow_reviews_iter5.TestReviewSystem" name="test_review_requires_released_payment_for_paid" time="0.567"><failure message="assert 403 == 200&#10; +  where 403 = &lt;Response [403]&gt;.status_code">backend/tests/test_escrow_reviews_iter5.py:614: in test_review_requires_released_payment_for_paid
    assert create_resp.status_code == 200
E   assert 403 == 200
E    +  where 403 = &lt;Response [403]&gt;.status_code</failure></testcase><testcase classname="backend.tests.test_escrow_reviews_iter5.TestReviewSystem" name="test_review_works_for_completed_barter" time="0.600"><failure message="assert 403 == 200&#10; +  where 403 = &lt;Response [403]&gt;.status_code">backend/tests/test_escrow_reviews_iter5.py:698: in test_review_works_for_completed_barter
    assert create_resp.status_code == 200
E   assert 403 == 200
E    +  where 403 = &lt;Response [403]&gt;.status_code</failure></testcase><testcase classname="backend.tests.test_escrow_reviews_iter5.TestReviewSystem" name="test_mutual_reveal_both_reviews" time="0.604"><failure message="assert 403 == 200&#10; +  where 403 = &lt;Response [403]&gt;.status_code">backend/tests/test_escrow_reviews_iter5.py:772: in test_mutual_reveal_both_reviews
    assert create_resp.status_code == 200
E   assert 403 == 200
E    +  where 403 = &lt;Response [403]&gt;.status_code</failure></testcase><testcase classname="backend.tests.test_escrow_reviews_iter5.TestReviewSystem" name="test_single_review_not_revealed" time="0.539" /><testcase classname="backend.tests.test_escrow_reviews_iter5.TestReviewSystem" name="test_get_user_reviews_only_revealed" time="0.559" /><testcase classname="backend.tests.test_escrow_reviews_iter5.TestHealthCheck" name="test_api_health" time="0.037" /></testsuite></testsuites>