<?xml version="1.0" encoding="utf-8"?><testsuites name="pytest tests"><testsuite name="pytest" errors="0" failures="0" skipped="0" tests="58" time="56.732" timestamp="2026-02-13T21:51:07.049041+00:00" hostname="agent-env-c2560a17-d894-447c-b3f5-9b0a012e8c3c"><testcase classname="backend.tests.test_mern_backend_comprehensive.TestHealthEndpoint" name="test_health_check" time="0.296" /><testcase classname="backend.tests.test_mern_backend_comprehensive.TestAuthEndpoints" name="test_register_new_user" time="0.203" /><testcase classname="backend.tests.test_mern_backend_comprehensive.TestAuthEndpoints" name="test_register_duplicate_email_fails" time="0.312" /><testcase classname="backend.tests.test_mern_backend_comprehensive.TestAuthEndpoints" name="test_login_success" time="0.490" /><testcase classname="backend.tests.test_mern_backend_comprehensive.TestAuthEndpoints" name="test_login_invalid_credentials" time="0.471" /><testcase classname="backend.tests.test_mern_backend_comprehensive.TestAuthEndpoints" name="test_auth_me_authenticated" time="0.589" /><testcase classname="backend.tests.test_mern_backend_comprehensive.TestAuthEndpoints" name="test_auth_me_unauthenticated" time="0.113" /><testcase classname="backend.tests.test_mern_backend_comprehensive.TestAuthEndpoints" name="test_logout" time="0.526" /><testcase classname="backend.tests.test_mern_backend_comprehensive.TestBrandProfile" name="test_get_brand_profile" time="0.596" /><testcase classname="backend.tests.test_mern_backend_comprehensive.TestBrandProfile" name="test_create_update_brand_profile" time="0.552" /><testcase classname="backend.tests.test_mern_backend_comprehensive.TestInfluencerProfile" name="test_get_influencer_profile" time="0.593" /><testcase classname="backend.tests.test_mern_backend_comprehensive.TestInfluencerProfile" name="test_create_update_influencer_profile" time="0.768" /><testcase classname="backend.tests.test_mern_backend_comprehensive.TestInfluencerProfile" name="test_get_top_influencers" time="0.609" /><testcase classname="backend.tests.test_mern_backend_comprehensive.TestInfluencerProfile" name="test_list_influencers" time="0.536" /><testcase classname="backend.tests.test_mern_backend_comprehensive.TestInfluencerProfile" name="test_get_influencer_by_username" time="0.557" /><testcase classname="backend.tests.test_mern_backend_comprehensive.TestCollaborations" name="test_create_collaboration_paid" time="0.971" /><testcase classname="backend.tests.test_mern_backend_comprehensive.TestCollaborations" name="test_create_collaboration_barter" time="0.918" /><testcase classname="backend.tests.test_mern_backend_comprehensive.TestCollaborations" name="test_list_collaborations_public" time="0.944" /><testcase classname="backend.tests.test_mern_backend_comprehensive.TestCollaborations" name="test_get_my_collaborations" time="1.041" /><testcase classname="backend.tests.test_mern_backend_comprehensive.TestCollaborations" name="test_get_collaboration_by_id" time="1.153" /><testcase classname="backend.tests.test_mern_backend_comprehensive.TestCollaborations" name="test_update_collaboration_status" time="1.054" /><testcase classname="backend.tests.test_mern_backend_comprehensive.TestApplications" name="test_create_application" time="1.041" /><testcase classname="backend.tests.test_mern_backend_comprehensive.TestApplications" name="test_get_my_applications" time="2.455" /><testcase classname="backend.tests.test_mern_backend_comprehensive.TestApplications" name="test_get_applications_for_collab" time="1.105" /><testcase classname="backend.tests.test_mern_backend_comprehensive.TestApplications" name="test_update_application_status_accept" time="1.209" /><testcase classname="backend.tests.test_mern_backend_comprehensive.TestEscrowPayments" name="test_create_escrow" time="2.365" /><testcase classname="backend.tests.test_mern_backend_comprehensive.TestEscrowPayments" name="test_secure_escrow" time="1.254" /><testcase classname="backend.tests.test_mern_backend_comprehensive.TestEscrowPayments" name="test_get_escrow_for_collab" time="1.423" /><testcase classname="backend.tests.test_mern_backend_comprehensive.TestEscrowPayments" name="test_refund_escrow" time="1.576" /><testcase classname="backend.tests.test_mern_backend_comprehensive.TestReviews" name="test_get_pending_reviews" time="1.156" /><testcase classname="backend.tests.test_mern_backend_comprehensive.TestReviews" name="test_get_reviews_for_user" time="1.008" /><testcase classname="backend.tests.test_mern_backend_comprehensive.TestReviews" name="test_create_review_requires_completed_collab" time="1.867" /><testcase classname="backend.tests.test_mern_backend_comprehensive.TestMessages" name="test_send_message_requires_accepted_application" time="1.298" /><testcase classname="backend.tests.test_mern_backend_comprehensive.TestMessages" name="test_send_and_get_messages" time="1.631" /><testcase classname="backend.tests.test_mern_backend_comprehensive.TestDisputes" name="test_create_dispute_wrong_status_fails" time="1.633" /><testcase classname="backend.tests.test_mern_backend_comprehensive.TestDisputes" name="test_get_dispute_for_collab" time="1.596" /><testcase classname="backend.tests.test_mern_backend_comprehensive.TestCancellations" name="test_cancel_active_collab_success" time="1.106" /><testcase classname="backend.tests.test_mern_backend_comprehensive.TestCancellations" name="test_get_cancellation_for_collab" time="1.301" /><testcase classname="backend.tests.test_mern_backend_comprehensive.TestAdminEndpoints" name="test_admin_stats" time="1.008" /><testcase classname="backend.tests.test_mern_backend_comprehensive.TestAdminEndpoints" name="test_admin_stats_unauthorized" time="1.071" /><testcase classname="backend.tests.test_mern_backend_comprehensive.TestAdminEndpoints" name="test_admin_users" time="1.283" /><testcase classname="backend.tests.test_mern_backend_comprehensive.TestAdminEndpoints" name="test_admin_collaborations" time="1.093" /><testcase classname="backend.tests.test_mern_backend_comprehensive.TestAdminEndpoints" name="test_admin_commissions" time="1.066" /><testcase classname="backend.tests.test_mern_backend_comprehensive.TestAdminEndpoints" name="test_admin_disputes" time="1.049" /><testcase classname="backend.tests.test_mern_backend_comprehensive.TestAdminEndpoints" name="test_admin_cancellations" time="0.946" /><testcase classname="backend.tests.test_mern_backend_comprehensive.TestAdminEndpoints" name="test_admin_update_user" time="1.115" /><testcase classname="backend.tests.test_mern_backend_comprehensive.TestCommissionSettings" name="test_get_commission_rate" time="2.085" /><testcase classname="backend.tests.test_mern_backend_comprehensive.TestCommissionSettings" name="test_set_commission_rate" time="1.514" /><testcase classname="backend.tests.test_mern_backend_comprehensive.TestCommissionSettings" name="test_calculate_commission" time="0.979" /><testcase classname="backend.tests.test_mern_backend_comprehensive.TestPublicEndpoints" name="test_public_stats" time="0.147" /><testcase classname="backend.tests.test_mern_backend_comprehensive.TestPublicEndpoints" name="test_public_influencers_list" time="0.107" /><testcase classname="backend.tests.test_mern_backend_comprehensive.TestPublicEndpoints" name="test_public_collaborations_list" time="0.183" /><testcase classname="backend.tests.test_mern_backend_comprehensive.TestPublicEndpoints" name="test_public_top_influencers" time="0.147" /><testcase classname="backend.tests.test_mern_backend_comprehensive.TestAnalytics" name="test_brand_analytics" time="1.068" /><testcase classname="backend.tests.test_mern_backend_comprehensive.TestAnalytics" name="test_influencer_analytics" time="0.992" /><testcase classname="backend.tests.test_mern_backend_comprehensive.TestReports" name="test_create_report" time="0.967" /><testcase classname="backend.tests.test_mern_backend_comprehensive.TestPayments" name="test_checkout_session" time="0.564" /><testcase classname="backend.tests.test_mern_backend_comprehensive.TestPayments" name="test_payment_status" time="0.770" /></testsuite></testsuites>